2025-11-08 13:15:30 | INFO     | __main__:47 - 监控脚本启动
2025-11-08 13:29:47 | INFO     | __main__:47 - 监控脚本启动
2025-11-08 13:30:15 | INFO     | __main__:47 - 监控脚本启动
2025-11-08 13:33:19 | INFO     | __main__:47 - 监控脚本启动
2025-11-08 13:34:01 | INFO     | __main__:47 - 监控脚本启动
2025-11-08 13:34:26 | INFO     | __main__:47 - 监控脚本启动
2025-11-08 13:35:05 | INFO     | __main__:47 - 监控脚本启动
2025-11-08 13:35:22 | WARNING  | untils.alert:4 - ⚠ ALERT:[93m[WARN][93m内存使用率超过警告阈值85%
2025-11-08 13:35:25 | WARNING  | untils.alert:4 - ⚠ ALERT:[93m[WARN][93m内存使用率超过警告阈值85%
2025-11-08 13:35:28 | WARNING  | untils.alert:4 - ⚠ ALERT:[93m[WARN][93m内存使用率超过警告阈值85%
2025-11-08 13:35:31 | WARNING  | untils.alert:4 - ⚠ ALERT:[93m[WARN][93m内存使用率超过警告阈值85%
2025-11-08 13:35:34 | WARNING  | untils.alert:4 - ⚠ ALERT:[93m[WARN][93m内存使用率超过警告阈值85%
2025-11-08 17:19:57 | INFO     | __main__:59 - 监控脚本启动
2025-11-08 17:20:43 | INFO     | __main__:59 - 监控脚本启动
2025-11-08 22:41:04 | INFO     | __main__:59 - 监控脚本启动
2025-11-08 22:42:17 | INFO     | __main__:60 - 监控脚本启动
2025-11-08 22:43:43 | INFO     | __main__:60 - 监控脚本启动
2025-11-08 22:44:33 | INFO     | __main__:60 - 监控脚本启动
2025-11-08 22:44:57 | INFO     | __main__:60 - 监控脚本启动
2025-11-08 22:45:00 | INFO     | __main__:48 - {'CPU使用率:': 1.6, '内存使用率:': 80.7, '磁盘使用率:': 73.3}
2025-11-08 22:45:04 | INFO     | __main__:48 - {'CPU使用率:': 1.6, '内存使用率:': 80.7, '磁盘使用率:': 73.3}
2025-11-08 22:45:09 | INFO     | __main__:48 - {'CPU使用率:': 1.8, '内存使用率:': 80.7, '磁盘使用率:': 73.3}
2025-11-08 22:45:13 | INFO     | __main__:48 - {'CPU使用率:': 4.1, '内存使用率:': 80.7, '磁盘使用率:': 73.3}
2025-11-08 22:45:41 | INFO     | __main__:61 - 监控脚本启动
2025-11-08 22:45:44 | INFO     | __main__:48 - {'CPU使用率:': 3.9, '内存使用率:': 80.9, '磁盘使用率:': 73.3}
2025-11-08 22:45:44 | INFO     | __main__:49 - {'上传速率': 985.96, '下载速率': 1043.44}
2025-11-08 22:45:49 | INFO     | __main__:48 - {'CPU使用率:': 3.3, '内存使用率:': 80.8, '磁盘使用率:': 73.3}
2025-11-08 22:45:49 | INFO     | __main__:49 - {'上传速率': 1736.35, '下载速率': 1999.64}
2025-11-08 22:45:53 | INFO     | __main__:48 - {'CPU使用率:': 2.6, '内存使用率:': 80.8, '磁盘使用率:': 73.3}
2025-11-08 22:45:53 | INFO     | __main__:49 - {'上传速率': 2596.62, '下载速率': 2862.31}
2025-11-08 22:51:42 | INFO     | __main__:61 - 监控脚本启动
2025-11-08 22:51:45 | INFO     | __main__:48 - {'CPU使用率:': 3.1, '内存使用率:': 79.7, '磁盘使用率:': 73.3}
2025-11-08 22:51:45 | INFO     | __main__:49 - {'上传速率': 613.92, '下载速率': 649.86}
2025-11-08 22:51:49 | INFO     | __main__:48 - {'CPU使用率:': 1.9, '内存使用率:': 79.7, '磁盘使用率:': 73.3}
2025-11-08 22:51:49 | INFO     | __main__:49 - {'上传速率': 2344.5, '下载速率': 2077.03}
2025-11-08 22:51:53 | INFO     | __main__:48 - {'CPU使用率:': 2.7, '内存使用率:': 80.2, '磁盘使用率:': 73.3}
2025-11-08 22:51:53 | INFO     | __main__:49 - {'上传速率': 3002.27, '下载速率': 2744.86}
2025-11-08 22:51:58 | INFO     | __main__:48 - {'CPU使用率:': 1.6, '内存使用率:': 80.1, '磁盘使用率:': 73.3}
2025-11-08 22:51:58 | INFO     | __main__:49 - {'上传速率': 3624.55, '下载速率': 3312.18}
2025-11-08 22:52:28 | INFO     | __main__:61 - 监控脚本启动
2025-11-08 22:53:02 | INFO     | __main__:61 - 监控脚本启动
2025-11-08 22:53:05 | INFO     | __main__:48 - {'CPU使用率:': 2.9, '内存使用率:': 80.9, '磁盘使用率:': 73.3}
2025-11-08 22:53:05 | INFO     | __main__:49 - {'上传速率': '885.59%', '下载速率': '759.51%'}
2025-11-08 22:53:09 | INFO     | __main__:48 - {'CPU使用率:': 2.4, '内存使用率:': 81.1, '磁盘使用率:': 73.3}
2025-11-08 22:53:09 | INFO     | __main__:49 - {'上传速率': '2083.7%', '下载速率': '1815.34%'}
2025-11-08 22:57:43 | INFO     | __main__:66 - 监控脚本启动
2025-11-08 22:57:46 | INFO     | __main__:44 - {'CPU使用率:': 2.0, '内存使用率:': 81.3, '磁盘使用率:': 73.3}
2025-11-08 22:57:46 | INFO     | __main__:45 - {'上传速率': '0.79Mb/s', '下载速率': '0.71Mb/s'}
2025-11-08 22:57:50 | INFO     | __main__:44 - {'CPU使用率:': 2.7, '内存使用率:': 81.3, '磁盘使用率:': 73.3}
2025-11-08 22:57:50 | INFO     | __main__:45 - {'上传速率': '1.5Mb/s', '下载速率': '1.63Mb/s'}
2025-11-08 22:57:54 | INFO     | __main__:44 - {'CPU使用率:': 3.1, '内存使用率:': 81.3, '磁盘使用率:': 73.3}
2025-11-08 22:57:54 | INFO     | __main__:45 - {'上传速率': '2.61Mb/s', '下载速率': '2.67Mb/s'}
2025-11-08 22:57:58 | INFO     | __main__:44 - {'CPU使用率:': 3.0, '内存使用率:': 81.3, '磁盘使用率:': 73.3}
2025-11-08 22:57:58 | INFO     | __main__:45 - {'上传速率': '4.1Mb/s', '下载速率': '4.21Mb/s'}
